This file contains any messages produced by compilers while
running configure, to aid debugging if configure makes a mistake.

It was created by configure, which was
generated by GNU Autoconf 2.65.  Invocation command line was

  $ ./configure 

## --------- ##
## Platform. ##
## --------- ##

hostname = Shedir.local
uname -m = i386
uname -r = 10.3.0
uname -s = Darwin
uname -v = Darwin Kernel Version 10.3.0: Fri Feb 26 11:58:09 PST 2010; root:xnu-1504.3.12~1/RELEASE_I386

/usr/bin/uname -p = i386
/bin/uname -X     = unknown

/bin/arch              = unknown
/usr/bin/arch -k       = unknown
/usr/convex/getsysinfo = unknown
/usr/bin/hostinfo      = Mach kernel version:
	 Darwin Kernel Version 10.3.0: Fri Feb 26 11:58:09 PST 2010; root:xnu-1504.3.12~1/RELEASE_I386
Kernel configured for up to 2 processors.
2 processors are physically available.
2 processors are logically available.
Processor type: i486 (Intel 80486)
Processors active: 0 1
Primary memory available: 4.00 gigabytes
Default processor set: 94 tasks, 397 threads, 2 processors
Load average: 2.51, Mach factor: 0.80
/bin/machine           = unknown
/usr/bin/oslevel       = unknown
/bin/universe          = unknown

PATH: /usr/local/scala/bin
PATH: /opt/local/bin
PATH: /usr/local/mysql/bin
PATH: /usr/local/scala/bin
PATH: /opt/local/bin
PATH: /usr/local/mysql/bin
PATH: /usr/bin
PATH: /bin
PATH: /usr/sbin
PATH: /sbin
PATH: /usr/local/bin
PATH: /usr/X11/bin
PATH: /usr/local/bin/
PATH: /Users/dsp/dev/scripts/


## ----------- ##
## Core tests. ##
## ----------- ##

configure:2579: checking for grep that handles long lines and -e
configure:2637: result: /usr/bin/grep
configure:2642: checking for egrep
configure:2704: result: /usr/bin/grep -E
configure:2709: checking for a sed that does not truncate output
configure:2763: result: /opt/local/bin/gsed
configure:2895: checking for cc
configure:2911: found /usr/bin/cc
configure:2922: result: cc
configure:2953: checking for C compiler version
configure:2962: cc --version >&5
i686-apple-darwin10-gcc-4.2.1 (GCC) 4.2.1 (Apple Inc. build 5659)
Copyright (C) 2007 Free Software Foundation, Inc.
This is free software; see the source for copying conditions.  There is NO
warranty; not even for MERCHANTABILITY or FITNESS FOR A PARTICULAR PURPOSE.

configure:2973: $? = 0
configure:2962: cc -v >&5
Using built-in specs.
Target: i686-apple-darwin10
Configured with: /var/tmp/gcc/gcc-5659~1/src/configure --disable-checking --enable-werror --prefix=/usr --mandir=/share/man --enable-languages=c,objc,c++,obj-c++ --program-transform-name=/^[cg][^.-]*$/s/$/-4.2/ --with-slibdir=/usr/lib --build=i686-apple-darwin10 --program-prefix=i686-apple-darwin10- --host=x86_64-apple-darwin10 --target=i686-apple-darwin10 --with-gxx-include-dir=/include/c++/4.2.1
Thread model: posix
gcc version 4.2.1 (Apple Inc. build 5659)
configure:2973: $? = 0
configure:2962: cc -V >&5
gcc-4.2: argument to `-V' is missing
configure:2973: $? = 1
configure:2962: cc -qversion >&5
i686-apple-darwin10-gcc-4.2.1: no input files
configure:2973: $? = 1
configure:2993: checking whether the C compiler works
configure:3015: cc    conftest.c  >&5
configure:3019: $? = 0
configure:3068: result: yes
configure:3071: checking for C compiler default output file name
configure:3073: result: a.out
configure:3079: checking for suffix of executables
configure:3086: cc -o conftest    conftest.c  >&5
configure:3090: $? = 0
configure:3112: result: 
configure:3134: checking whether we are cross compiling
configure:3142: cc -o conftest    conftest.c  >&5
configure:3146: $? = 0
configure:3153: ./conftest
configure:3157: $? = 0
configure:3172: result: no
configure:3177: checking for suffix of object files
configure:3199: cc -c   conftest.c >&5
configure:3203: $? = 0
configure:3224: result: o
configure:3228: checking whether we are using the GNU C compiler
configure:3247: cc -c   conftest.c >&5
configure:3247: $? = 0
configure:3256: result: yes
configure:3265: checking whether cc accepts -g
configure:3285: cc -c -g  conftest.c >&5
configure:3285: $? = 0
configure:3326: result: yes
configure:3343: checking for cc option to accept ISO C89
configure:3407: cc  -c -g -O2  conftest.c >&5
configure:3407: $? = 0
configure:3420: result: none needed
configure:3446: checking how to run the C preprocessor
configure:3477: cc -E  conftest.c
configure:3477: $? = 0
configure:3491: cc -E  conftest.c
conftest.c:9:28: error: ac_nonexistent.h: No such file or directory
configure:3491: $? = 1
configure: failed program was:
| /* confdefs.h */
| #define PACKAGE_NAME ""
| #define PACKAGE_TARNAME ""
| #define PACKAGE_VERSION ""
| #define PACKAGE_STRING ""
| #define PACKAGE_BUGREPORT ""
| #define PACKAGE_URL ""
| /* end confdefs.h.  */
| #include <ac_nonexistent.h>
configure:3516: result: cc -E
configure:3536: cc -E  conftest.c
configure:3536: $? = 0
configure:3550: cc -E  conftest.c
conftest.c:9:28: error: ac_nonexistent.h: No such file or directory
configure:3550: $? = 1
configure: failed program was:
| /* confdefs.h */
| #define PACKAGE_NAME ""
| #define PACKAGE_TARNAME ""
| #define PACKAGE_VERSION ""
| #define PACKAGE_STRING ""
| #define PACKAGE_BUGREPORT ""
| #define PACKAGE_URL ""
| /* end confdefs.h.  */
| #include <ac_nonexistent.h>
configure:3581: checking for icc
configure:3590: result: no
configure:3604: checking for suncc
configure:3613: result: no
configure:3631: checking whether cc understands -c and -o together
configure:3659: cc -c conftest.c -o conftest2.o >&5
configure:3663: $? = 0
configure:3669: cc -c conftest.c -o conftest2.o >&5
configure:3673: $? = 0
configure:3728: result: yes
configure:3742: checking for system library directory
configure:3760: result: lib
configure:3767: checking if compiler supports -R
configure:3786: cc -o conftest -g -O2   conftest.c -R /usr/lib  >&5
ld: in /usr/lib, can't map file, errno=22
collect2: ld returned 1 exit status
configure:3786: $? = 1
configure: failed program was:
| /* confdefs.h */
| #define PACKAGE_NAME ""
| #define PACKAGE_TARNAME ""
| #define PACKAGE_VERSION ""
| #define PACKAGE_STRING ""
| #define PACKAGE_BUGREPORT ""
| #define PACKAGE_URL ""
| /* end confdefs.h.  */
| 
| int
| main ()
| {
| 
|   ;
|   return 0;
| }
configure:3796: result: no
configure:3801: checking if compiler supports -Wl,-rpath,
configure:3820: cc -o conftest -g -O2   conftest.c -Wl,-rpath,/usr/lib  >&5
configure:3820: $? = 0
configure:3830: result: yes
configure:3869: checking build system type
configure:3883: result: i386-apple-darwin10.3.0
configure:3903: checking host system type
configure:3916: result: i386-apple-darwin10.3.0
configure:3936: checking target system type
configure:3949: result: i386-apple-darwin10.3.0
configure:4055: checking for PHP prefix
configure:4057: result: /opt/local
configure:4059: checking for PHP includes
configure:4061: result: -I/opt/local/include/php -I/opt/local/include/php/main -I/opt/local/include/php/TSRM -I/opt/local/include/php/Zend -I/opt/local/include/php/ext -I/opt/local/include/php/ext/date/lib
configure:4063: checking for PHP extension directory
configure:4065: result: /opt/local/lib/php/extensions/debug-non-zts-20100409
configure:4067: checking for PHP installed headers prefix
configure:4069: result: /opt/local/include/php
configure:4072: checking if debug is enabled
configure:4098: result: yes
configure:4101: checking if zts is enabled
configure:4127: result: yes
configure:4201: checking for re2c
configure:4217: found /opt/local/bin/re2c
configure:4228: result: re2c
configure:4237: checking for re2c version
configure:4251: result: 0.13.5 (ok)
configure:4270: checking for gawk
configure:4287: found /opt/local/bin/gawk
configure:4298: result: gawk
configure:4342: checking whether to enable eXtended debugging support
configure:4384: result: yes, shared
configure:4414: cc -c -g -O0 -I/opt/local/include/php -I/opt/local/include/php/main -I/opt/local/include/php/TSRM -I/opt/local/include/php/Zend -I/opt/local/include/php/ext -I/opt/local/include/php/ext/date/lib  conftest.c >&5
configure:4414: $? = 0
configure:4423: checking for gettimeofday
configure:4423: cc -o conftest -g -O0 -I/opt/local/include/php -I/opt/local/include/php/main -I/opt/local/include/php/TSRM -I/opt/local/include/php/Zend -I/opt/local/include/php/ext -I/opt/local/include/php/ext/date/lib   conftest.c  >&5
configure:4423: $? = 0
configure:4423: result: yes
configure:4528: checking for cos in -lm
configure:4553: cc -o conftest -g -O0 -I/opt/local/include/php -I/opt/local/include/php/main -I/opt/local/include/php/TSRM -I/opt/local/include/php/Zend -I/opt/local/include/php/ext -I/opt/local/include/php/ext/date/lib   conftest.c -lm   >&5
conftest.c:19: warning: conflicting types for built-in function 'cos'
configure:4553: $? = 0
configure:4562: result: yes
configure:5001: checking for ld used by cc
configure:5068: result: /usr/libexec/gcc/i686-apple-darwin10/4.2.1/ld
configure:5075: checking if the linker (/usr/libexec/gcc/i686-apple-darwin10/4.2.1/ld) is GNU ld
configure:5090: result: no
configure:5095: checking for /usr/libexec/gcc/i686-apple-darwin10/4.2.1/ld option to reload object files
configure:5102: result: -r
configure:5120: checking for BSD-compatible nm
configure:5169: result: /usr/bin/nm
configure:5173: checking whether ln -s works
configure:5177: result: yes
configure:5184: checking how to recognize dependent libraries
configure:5370: result: pass_all
configure:5582: checking for ANSI C header files
configure:5602: cc -c -g -O0  conftest.c >&5
configure:5602: $? = 0
configure:5675: cc -o conftest -g -O0   conftest.c  >&5
configure:5675: $? = 0
configure:5675: ./conftest
configure:5675: $? = 0
configure:5686: result: yes
configure:5699: checking for sys/types.h
configure:5699: cc -c -g -O0  conftest.c >&5
configure:5699: $? = 0
configure:5699: result: yes
configure:5699: checking for sys/stat.h
configure:5699: cc -c -g -O0  conftest.c >&5
configure:5699: $? = 0
configure:5699: result: yes
configure:5699: checking for stdlib.h
configure:5699: cc -c -g -O0  conftest.c >&5
configure:5699: $? = 0
configure:5699: result: yes
configure:5699: checking for string.h
configure:5699: cc -c -g -O0  conftest.c >&5
configure:5699: $? = 0
configure:5699: result: yes
configure:5699: checking for memory.h
configure:5699: cc -c -g -O0  conftest.c >&5
configure:5699: $? = 0
configure:5699: result: yes
configure:5699: checking for strings.h
configure:5699: cc -c -g -O0  conftest.c >&5
configure:5699: $? = 0
configure:5699: result: yes
configure:5699: checking for inttypes.h
configure:5699: cc -c -g -O0  conftest.c >&5
configure:5699: $? = 0
configure:5699: result: yes
configure:5699: checking for stdint.h
configure:5699: cc -c -g -O0  conftest.c >&5
configure:5699: $? = 0
configure:5699: result: yes
configure:5699: checking for unistd.h
configure:5699: cc -c -g -O0  conftest.c >&5
configure:5699: $? = 0
configure:5699: result: yes
configure:5714: checking dlfcn.h usability
configure:5714: cc -c -g -O0  conftest.c >&5
configure:5714: $? = 0
configure:5714: result: yes
configure:5714: checking dlfcn.h presence
configure:5714: cc -E  conftest.c
configure:5714: $? = 0
configure:5714: result: yes
configure:5714: checking for dlfcn.h
configure:5714: result: yes
configure:5736: checking the maximum length of command line arguments
configure:5848: result: 196608
configure:5860: checking command to parse /usr/bin/nm output from cc object
configure:5965: cc -c -g -O0  conftest.c >&5
configure:5968: $? = 0
configure:5972: /usr/bin/nm conftest.o \| sed -n -e 's/^.*[ 	]\([BCDEGRST][BCDEGRST]*\)[ 	][ 	]*\([_A-Za-z][_A-Za-z0-9]*\)$/\1 \2 \2/p' \> conftest.nm
configure:5975: $? = 0
cannot find nm_test_var in conftest.nm
configure:5965: cc -c -g -O0  conftest.c >&5
configure:5968: $? = 0
configure:5972: /usr/bin/nm conftest.o \| sed -n -e 's/^.*[ 	]\([BCDEGRST][BCDEGRST]*\)[ 	][ 	]*_\([_A-Za-z][_A-Za-z0-9]*\)$/\1 _\2 \2/p' \> conftest.nm
configure:5975: $? = 0
configure:6027: cc -o conftest -g -O0   conftest.c conftstm.o >&5
configure:6030: $? = 0
configure:6068: result: ok
configure:6072: checking for objdir
configure:6087: result: .libs
configure:6179: checking for ar
configure:6195: found /usr/bin/ar
configure:6206: result: ar
configure:6271: checking for ranlib
configure:6287: found /usr/bin/ranlib
configure:6298: result: ranlib
configure:6363: checking for strip
configure:6379: found /usr/bin/strip
configure:6390: result: strip
configure:6643: checking for dsymutil
configure:6659: found /usr/bin/dsymutil
configure:6670: result: dsymutil
configure:6735: checking for nmedit
configure:6751: found /usr/bin/nmedit
configure:6762: result: nmedit
configure:6785: checking for -single_module linker flag
configure:6806: result: yes
configure:6808: checking for -exported_symbols_list linker flag
configure:6824: cc -o conftest -g -O0   -Wl,-exported_symbols_list,conftest.sym conftest.c  >&5
configure:6827: $? = 0
configure:6841: result: yes
configure:6959: checking if cc supports -fno-rtti -fno-exceptions
configure:6977: cc -c -g -O0  -fno-rtti -fno-exceptions conftest.c >&5
cc1: warning: command line option "-fno-rtti" is valid for C++/ObjC++ but not for C
configure:6981: $? = 0
configure:6994: result: no
configure:7009: checking for cc option to produce PIC
configure:7249: result: -fno-common
configure:7257: checking if cc PIC flag -fno-common works
configure:7275: cc -c -g -O0  -fno-common -DPIC conftest.c >&5
configure:7279: $? = 0
configure:7292: result: yes
configure:7320: checking if cc static flag -static works
configure:7348: result: no
configure:7358: checking if cc supports -c -o file.o
configure:7379: cc -c -g -O0  -o out/conftest2.o conftest.c >&5
configure:7383: $? = 0
configure:7405: result: yes
configure:7431: checking whether the cc linker (/usr/libexec/gcc/i686-apple-darwin10/4.2.1/ld) supports shared libraries
configure:8363: result: yes
configure:8430: checking dynamic linker characteristics
configure:9032: result: darwin10.3.0 dyld
configure:9056: checking how to hardcode library paths into programs
configure:9081: result: immediate
configure:9095: checking whether stripping libraries is possible
configure:9109: result: yes
configure:9617: checking if libtool supports shared libraries
configure:9619: result: yes
configure:9622: checking whether to build shared libraries
configure:9643: result: yes
configure:9646: checking whether to build static libraries
configure:9650: result: no
configure:9745: result:
creating libtool
configure:13436: creating ./config.status

## ---------------------- ##
## Running config.status. ##
## ---------------------- ##

This file was extended by config.status, which was
generated by GNU Autoconf 2.65.  Invocation command line was

  CONFIG_FILES    = 
  CONFIG_HEADERS  = 
  CONFIG_LINKS    = 
  CONFIG_COMMANDS = 
  $ ./config.status 

on Shedir.local

config.status:683: creating config.h
config.status:773: config.h is unchanged

## ---------------- ##
## Cache variables. ##
## ---------------- ##

ac_cv_build=i386-apple-darwin10.3.0
ac_cv_c_compiler_gnu=yes
ac_cv_env_CC_set=
ac_cv_env_CC_value=
ac_cv_env_CFLAGS_set=
ac_cv_env_CFLAGS_value=
ac_cv_env_CPPFLAGS_set=
ac_cv_env_CPPFLAGS_value=
ac_cv_env_CPP_set=
ac_cv_env_CPP_value=
ac_cv_env_LDFLAGS_set=
ac_cv_env_LDFLAGS_value=
ac_cv_env_LIBS_set=
ac_cv_env_LIBS_value=
ac_cv_env_build_alias_set=
ac_cv_env_build_alias_value=
ac_cv_env_host_alias_set=
ac_cv_env_host_alias_value=
ac_cv_env_target_alias_set=
ac_cv_env_target_alias_value=
ac_cv_func_gettimeofday=yes
ac_cv_header_dlfcn_h=yes
ac_cv_header_inttypes_h=yes
ac_cv_header_memory_h=yes
ac_cv_header_stdc=yes
ac_cv_header_stdint_h=yes
ac_cv_header_stdlib_h=yes
ac_cv_header_string_h=yes
ac_cv_header_strings_h=yes
ac_cv_header_sys_stat_h=yes
ac_cv_header_sys_types_h=yes
ac_cv_header_unistd_h=yes
ac_cv_host=i386-apple-darwin10.3.0
ac_cv_lib_m_cos=yes
ac_cv_objext=o
ac_cv_path_EGREP='/usr/bin/grep -E'
ac_cv_path_GREP=/usr/bin/grep
ac_cv_prog_AWK=gawk
ac_cv_prog_CPP='cc -E'
ac_cv_prog_RE2C=re2c
ac_cv_prog_ac_ct_AR=ar
ac_cv_prog_ac_ct_CC=cc
ac_cv_prog_ac_ct_DSYMUTIL=dsymutil
ac_cv_prog_ac_ct_NMEDIT=nmedit
ac_cv_prog_ac_ct_RANLIB=ranlib
ac_cv_prog_ac_ct_STRIP=strip
ac_cv_prog_cc_c89=
ac_cv_prog_cc_cc_c_o=yes
ac_cv_prog_cc_g=yes
ac_cv_target=i386-apple-darwin10.3.0
lt_cv_apple_cc_single_mod=yes
lt_cv_deplibs_check_method=pass_all
lt_cv_file_magic_cmd='$MAGIC_CMD'
lt_cv_file_magic_test_file=
lt_cv_ld_exported_symbols_list=yes
lt_cv_ld_reload_flag=-r
lt_cv_objdir=.libs
lt_cv_path_LD=/usr/libexec/gcc/i686-apple-darwin10/4.2.1/ld
lt_cv_path_NM=/usr/bin/nm
lt_cv_path_SED=/opt/local/bin/gsed
lt_cv_prog_compiler_c_o=yes
lt_cv_prog_compiler_pic_works=yes
lt_cv_prog_compiler_rtti_exceptions=no
lt_cv_prog_compiler_static_works=no
lt_cv_prog_gnu_ld=no
lt_cv_sys_global_symbol_pipe='sed -n -e '\''s/^.*[ 	]\([BCDEGRST][BCDEGRST]*\)[ 	][ 	]*_\([_A-Za-z][_A-Za-z0-9]*\)$/\1 _\2 \2/p'\'''
lt_cv_sys_global_symbol_to_c_name_address='sed -n -e '\''s/^: \([^ ]*\) $/  {\"\1\", (lt_ptr) 0},/p'\'' -e '\''s/^[BCDEGRST] \([^ ]*\) \([^ ]*\)$/  {"\2", (lt_ptr) \&\2},/p'\'''
lt_cv_sys_global_symbol_to_cdecl='sed -n -e '\''s/^. .* \(.*\)$/extern int \1;/p'\'''
lt_cv_sys_lib_dlsearch_path_spec='/usr/local/lib /lib /usr/lib'
lt_cv_sys_lib_search_path_spec='/usr/lib/gcc/i686-apple-darwin10/4.2.1/x86_64 /usr/lib/i686-apple-darwin10/4.2.1 /usr/lib /usr/local/lib'
lt_cv_sys_max_cmd_len=196608
lt_lt_cv_prog_compiler_c_o='"yes"'
lt_lt_cv_sys_global_symbol_pipe='"sed -n -e '\''s/^.*[ 	]\\([BCDEGRST][BCDEGRST]*\\)[ 	][ 	]*_\\([_A-Za-z][_A-Za-z0-9]*\\)\$/\\1 _\\2 \\2/p'\''"'
lt_lt_cv_sys_global_symbol_to_c_name_address='"sed -n -e '\''s/^: \\([^ ]*\\) \$/  {\\\"\\1\\\", (lt_ptr) 0},/p'\'' -e '\''s/^[BCDEGRST] \\([^ ]*\\) \\([^ ]*\\)\$/  {\"\\2\", (lt_ptr) \\&\\2},/p'\''"'
lt_lt_cv_sys_global_symbol_to_cdecl='"sed -n -e '\''s/^. .* \\(.*\\)\$/extern int \\1;/p'\''"'
php_cv_cc_dashr=no
php_cv_cc_rpath=yes
php_cv_re2c_version='0.13.5 (ok)'

## ----------------- ##
## Output variables. ##
## ----------------- ##

AR='ar'
AWK='gawk'
CC='cc'
CFLAGS='-g -O0'
CONFIGURE_COMMAND=' '\''./configure'\'' '
CONFIGURE_OPTIONS=''
CPP='cc -E'
CPPFLAGS=' -DHAVE_CONFIG_H'
DEFS='-DHAVE_CONFIG_H'
DSYMUTIL='dsymutil'
ECHO='/bin/echo'
ECHO_C='\c'
ECHO_N=''
ECHO_T=''
EGREP='/usr/bin/grep -E'
EXEEXT=''
GREP='/usr/bin/grep'
LDFLAGS=''
LIBOBJS=''
LIBS=''
LIBTOOL='$(SHELL) $(top_builddir)/libtool'
LN_S='ln -s'
LTLIBOBJS=''
NMEDIT='nmedit'
OBJEXT='o'
PACKAGE_BUGREPORT=''
PACKAGE_NAME=''
PACKAGE_STRING=''
PACKAGE_TARNAME=''
PACKAGE_URL=''
PACKAGE_VERSION=''
PATH_SEPARATOR=':'
RANLIB='ranlib'
RE2C='re2c'
SED='/opt/local/bin/gsed'
SHELL='/bin/sh'
SHLIB_DL_SUFFIX_NAME='so'
SHLIB_SUFFIX_NAME='dylib'
STRIP='strip'
ac_ct_CC='cc'
bindir='${exec_prefix}/bin'
build='i386-apple-darwin10.3.0'
build_alias=''
build_cpu='i386'
build_os='darwin10.3.0'
build_vendor='apple'
datadir='${datarootdir}'
datarootdir='${prefix}/share'
docdir='${datarootdir}/doc/${PACKAGE}'
dvidir='${docdir}'
exec_prefix='$(prefix)'
host='i386-apple-darwin10.3.0'
host_alias='i386-apple-darwin10.3.0'
host_cpu='i386'
host_os='darwin10.3.0'
host_vendor='apple'
htmldir='${docdir}'
includedir='${prefix}/include'
infodir='${datarootdir}/info'
libdir='${exec_prefix}/lib'
libexecdir='${exec_prefix}/libexec'
localedir='${datarootdir}/locale'
localstatedir='${prefix}/var'
mandir='${datarootdir}/man'
oldincludedir='/usr/include'
pdfdir='${docdir}'
prefix='/opt/local'
program_transform_name='s,x,x,'
psdir='${docdir}'
sbindir='${exec_prefix}/sbin'
sharedstatedir='${prefix}/com'
sysconfdir='${prefix}/etc'
target='i386-apple-darwin10.3.0'
target_alias=''
target_cpu='i386'
target_os='darwin10.3.0'
target_vendor='apple'

## ----------- ##
## confdefs.h. ##
## ----------- ##

/* confdefs.h */
#define PACKAGE_NAME ""
#define PACKAGE_TARNAME ""
#define PACKAGE_VERSION ""
#define PACKAGE_STRING ""
#define PACKAGE_BUGREPORT ""
#define PACKAGE_URL ""
#define HAVE_XDEBUG 1
#define HAVE_EXECUTE_DATA_PTR 1
#define HAVE_GETTIMEOFDAY 1
#define COMPILE_DL_XDEBUG 1
#define STDC_HEADERS 1
#define HAVE_SYS_TYPES_H 1
#define HAVE_SYS_STAT_H 1
#define HAVE_STDLIB_H 1
#define HAVE_STRING_H 1
#define HAVE_MEMORY_H 1
#define HAVE_STRINGS_H 1
#define HAVE_INTTYPES_H 1
#define HAVE_STDINT_H 1
#define HAVE_UNISTD_H 1
#define HAVE_DLFCN_H 1

configure: exit 0
